g:\visual studio2022\山东隧道前端交互dll\mychajian\whyopengldllres\x64\release\mychajian.pch
g:\visual studio2022\山东隧道前端交互dll\mychajian\whyopengldllres\x64\release\vc143.pdb
g:\visual studio2022\山东隧道前端交互dll\mychajian\whyopengldllres\x64\release\stdafx.obj
g:\visual studio2022\山东隧道前端交互dll\mychajian\whyopengldllres\x64\release\disanfang.obj
g:\visual studio2022\山东隧道前端交互dll\mychajian\x64\release\mychajian.dll
g:\visual studio2022\山东隧道前端交互dll\mychajian\x64\release\mychajian.pdb
g:\visual studio2022\山东隧道前端交互dll\mychajian\whyopengldllres\x64\release\whyopengldllres.res
g:\visual studio2022\山东隧道前端交互dll\mychajian\x64\release\mychajian.lib
g:\visual studio2022\山东隧道前端交互dll\mychajian\x64\release\mychajian.exp
g:\visual studio2022\山东隧道前端交互dll\mychajian\whyopengldllres\x64\release\mychajian.ipdb
g:\visual studio2022\山东隧道前端交互dll\mychajian\whyopengldllres\x64\release\mychajian.iobj
g:\visual studio2022\山东隧道前端交互dll\mychajian\whyopengldllres\x64\release\mychajian.tlog\cl.command.1.tlog
g:\visual studio2022\山东隧道前端交互dll\mychajian\whyopengldllres\x64\release\mychajian.tlog\cl.items.tlog
g:\visual studio2022\山东隧道前端交互dll\mychajian\whyopengldllres\x64\release\mychajian.tlog\cl.read.1.tlog
g:\visual studio2022\山东隧道前端交互dll\mychajian\whyopengldllres\x64\release\mychajian.tlog\cl.write.1.tlog
g:\visual studio2022\山东隧道前端交互dll\mychajian\whyopengldllres\x64\release\mychajian.tlog\link.command.1.tlog
g:\visual studio2022\山东隧道前端交互dll\mychajian\whyopengldllres\x64\release\mychajian.tlog\link.read.1.tlog
g:\visual studio2022\山东隧道前端交互dll\mychajian\whyopengldllres\x64\release\mychajian.tlog\link.secondary.1.tlog
g:\visual studio2022\山东隧道前端交互dll\mychajian\whyopengldllres\x64\release\mychajian.tlog\link.write.1.tlog
g:\visual studio2022\山东隧道前端交互dll\mychajian\whyopengldllres\x64\release\mychajian.tlog\rc.command.1.tlog
g:\visual studio2022\山东隧道前端交互dll\mychajian\whyopengldllres\x64\release\mychajian.tlog\rc.read.1.tlog
g:\visual studio2022\山东隧道前端交互dll\mychajian\whyopengldllres\x64\release\mychajian.tlog\rc.write.1.tlog
