c:\users\greatwall\desktop\mychajian\whyopengldllres\x64\release\webcontrol.pch
c:\users\greatwall\desktop\mychajian\whyopengldllres\x64\release\vc143.pdb
c:\users\greatwall\desktop\mychajian\whyopengldllres\x64\release\stdafx.obj
c:\users\greatwall\desktop\mychajian\whyopengldllres\x64\release\disanfang.obj
c:\users\greatwall\desktop\mychajian\x64\release\webcontrol.dll
c:\users\greatwall\desktop\mychajian\x64\release\webcontrol.pdb
c:\users\greatwall\desktop\mychajian\whyopengldllres\x64\release\whyopengldllres.res
c:\users\greatwall\desktop\mychajian\x64\release\webcontrol.lib
c:\users\greatwall\desktop\mychajian\x64\release\webcontrol.exp
c:\users\greatwall\desktop\mychajian\whyopengldllres\x64\release\webcontrol.ipdb
c:\users\greatwall\desktop\mychajian\whyopengldllres\x64\release\webcontrol.iobj
c:\users\greatwall\desktop\mychajian\whyopengldllres\x64\release\webcontrol.tlog\cl.command.1.tlog
c:\users\greatwall\desktop\mychajian\whyopengldllres\x64\release\webcontrol.tlog\cl.items.tlog
c:\users\greatwall\desktop\mychajian\whyopengldllres\x64\release\webcontrol.tlog\cl.read.1.tlog
c:\users\greatwall\desktop\mychajian\whyopengldllres\x64\release\webcontrol.tlog\cl.write.1.tlog
c:\users\greatwall\desktop\mychajian\whyopengldllres\x64\release\webcontrol.tlog\link.command.1.tlog
c:\users\greatwall\desktop\mychajian\whyopengldllres\x64\release\webcontrol.tlog\link.read.1.tlog
c:\users\greatwall\desktop\mychajian\whyopengldllres\x64\release\webcontrol.tlog\link.secondary.1.tlog
c:\users\greatwall\desktop\mychajian\whyopengldllres\x64\release\webcontrol.tlog\link.write.1.tlog
c:\users\greatwall\desktop\mychajian\whyopengldllres\x64\release\webcontrol.tlog\rc.command.1.tlog
c:\users\greatwall\desktop\mychajian\whyopengldllres\x64\release\webcontrol.tlog\rc.read.1.tlog
c:\users\greatwall\desktop\mychajian\whyopengldllres\x64\release\webcontrol.tlog\rc.write.1.tlog
